f:\polytech\3-6\razrabotka\lab_3_enclave\lab_3\lab_3_enclave\x64\simulation\vc142.pdb
f:\polytech\3-6\razrabotka\lab_3_enclave\lab_3\lab_3_enclave\x64\simulation\lab_3_enclave.obj
f:\polytech\3-6\razrabotka\lab_3_enclave\lab_3\lab_3_enclave\x64\simulation\lab_3_enclave_t.obj
f:\polytech\3-6\razrabotka\lab_3_enclave\lab_3\lab_3_enclave\lab_3_enclave_t.h
f:\polytech\3-6\razrabotka\lab_3_enclave\lab_3\lab_3_enclave\lab_3_enclave_t.c
f:\polytech\3-6\razrabotka\lab_3_enclave\lab_3\x64\simulation\lab_3_enclave.lib
f:\polytech\3-6\razrabotka\lab_3_enclave\lab_3\x64\simulation\lab_3_enclave.exp
f:\polytech\3-6\razrabotka\lab_3_enclave\lab_3\x64\simulation\lab_3_enclave.dll
f:\polytech\3-6\razrabotka\lab_3_enclave\lab_3\x64\simulation\lab_3_enclave.pdb
c:\lab_3\lab_3_enclave\x64\simulation\lab_3_enclave.obj
c:\lab_3\lab_3_enclave\x64\simulation\lab_3_enclave_t.obj
c:\lab_3\lab_3_enclave\x64\simulation\vc142.pdb
c:\lab_3\x64\simulation\lab_3_enclave.pdb
c:\lab_3\x64\simulation\lab_3_enclave.dll
c:\lab_3\lab_3_enclave\x64\simulation\lab_3_enclave.tlog\cl.command.1.tlog
c:\lab_3\lab_3_enclave\x64\simulation\lab_3_enclave.tlog\cl.read.1.tlog
c:\lab_3\lab_3_enclave\x64\simulation\lab_3_enclave.tlog\cl.write.1.tlog
c:\lab_3\lab_3_enclave\x64\simulation\lab_3_enclave.tlog\custombuild.command.1.tlog
c:\lab_3\lab_3_enclave\x64\simulation\lab_3_enclave.tlog\custombuild.read.1.tlog
c:\lab_3\lab_3_enclave\x64\simulation\lab_3_enclave.tlog\custombuild.write.1.tlog
c:\lab_3\lab_3_enclave\x64\simulation\lab_3_enclave.tlog\lab_3_enclave.write.1u.tlog
c:\lab_3\lab_3_enclave\x64\simulation\lab_3_enclave.tlog\link.command.1.tlog
c:\lab_3\lab_3_enclave\x64\simulation\lab_3_enclave.tlog\link.read.1.tlog
c:\lab_3\lab_3_enclave\x64\simulation\lab_3_enclave.tlog\link.write.1.tlog
